[INFO] Scanning for projects...
[INFO] 
[INFO] -------------------------< com.example:mylab >--------------------------
[INFO] Building mylab 0.0.1-SNAPSHOT
[INFO]   from pom.xml
[INFO] --------------------------------[ jar ]---------------------------------
[INFO] 
[INFO] --- clean:3.5.0:clean (default-clean) @ mylab ---
[INFO] Deleting C:\Users\HP\OneDrive\Desktop\Project\labtrack_system-main\mylab-backend\target
[INFO] 
[INFO] --- resources:3.3.1:resources (default-resources) @ mylab ---
[INFO] Copying 1 resource from src\main\resources to target\classes
[INFO] Copying 0 resource from src\main\resources to target\classes
[INFO] 
[INFO] --- compiler:3.14.1:compile (default-compile) @ mylab ---
[INFO] Recompiling the module because of changed source code.
[INFO] Compiling 61 source files with javac [debug parameters release 23] to target\classes
[INFO] /C:/Users/HP/OneDrive/Desktop/Project/labtrack_system-main/mylab-backend/src/main/java/com/example/mylab/service/AnalyticsService.java: C:\Users\HP\OneDrive\Desktop\Project\labtrack_system-main\mylab-backend\src\main\java\com\example\mylab\service\AnalyticsService.java uses unchecked or unsafe operations.
[INFO] /C:/Users/HP/OneDrive/Desktop/Project/labtrack_system-main/mylab-backend/src/main/java/com/example/mylab/service/AnalyticsService.java: Recompile with -Xlint:unchecked for details.
[INFO] -------------------------------------------------------------
[ERROR] COMPILATION ERROR : 
[INFO] -------------------------------------------------------------
[ERROR] /C:/Users/HP/OneDrive/Desktop/Project/labtrack_system-main/mylab-backend/src/main/java/com/example/mylab/service/AnalyticsService.java:[112,43] cannot find symbol
  symbol:   variable labRepository
  location: class com.example.mylab.service.AnalyticsService
[INFO] 1 error
[INFO] -------------------------------------------------------------
[INFO] ------------------------------------------------------------------------
[INFO] BUILD FAILURE
[INFO] ------------------------------------------------------------------------
[INFO] Total time:  5.320 s
[INFO] Finished at: 2026-03-09T23:42:32+05:30
[INFO] ------------------------------------------------------------------------
[ERROR] Failed to execute goal org.apache.maven.plugins:maven-compiler-plugin:3.14.1:compile (default-compile) on project mylab: Compilation failure
[ERROR] /C:/Users/HP/OneDrive/Desktop/Project/labtrack_system-main/mylab-backend/src/main/java/com/example/mylab/service/AnalyticsService.java:[112,43] cannot find symbol
[ERROR]   symbol:   variable labRepository
[ERROR]   location: class com.example.mylab.service.AnalyticsService
[ERROR] -> [Help 1]
[ERROR] 
[ERROR] To see the full stack trace of the errors, re-run Maven with the -e switch.
[ERROR] Re-run Maven using the -X switch to enable full debug logging.
[ERROR] 
[ERROR] For more information about the errors and possible solutions, please read the following articles:
[ERROR] [Help 1] http://cwiki.apache.org/confluence/display/MAVEN/MojoFailureException
