[INFO] Scanning for projects...
[INFO] 
[INFO] -------------------------< com.example:mylab >--------------------------
[INFO] Building mylab 0.0.1-SNAPSHOT
[INFO]   from pom.xml
[INFO] --------------------------------[ jar ]---------------------------------
[INFO] 
[INFO] --- clean:3.5.0:clean (default-clean) @ mylab ---
[INFO] Deleting C:\Users\HP\OneDrive\Desktop\Project\labtrack_system-main\mylab-backend\target
[INFO] 
[INFO] --- resources:3.3.1:resources (default-resources) @ mylab ---
[INFO] Copying 1 resource from src\main\resources to target\classes
[INFO] Copying 0 resource from src\main\resources to target\classes
[INFO] 
[INFO] --- compiler:3.14.1:compile (default-compile) @ mylab ---
[INFO] Recompiling the module because of changed source code.
[INFO] Compiling 61 source files with javac [debug parameters release 23] to target\classes
[INFO] /C:/Users/HP/OneDrive/Desktop/Project/labtrack_system-main/mylab-backend/src/main/java/com/example/mylab/service/AnalyticsService.java: C:\Users\HP\OneDrive\Desktop\Project\labtrack_system-main\mylab-backend\src\main\java\com\example\mylab\service\AnalyticsService.java uses unchecked or unsafe operations.
[INFO] /C:/Users/HP/OneDrive/Desktop/Project/labtrack_system-main/mylab-backend/src/main/java/com/example/mylab/service/AnalyticsService.java: Recompile with -Xlint:unchecked for details.
[INFO] ------------------------------------------------------------------------
[INFO] BUILD SUCCESS
[INFO] ------------------------------------------------------------------------
[INFO] Total time:  5.162 s
[INFO] Finished at: 2026-03-09T23:52:11+05:30
[INFO] ------------------------------------------------------------------------
